<?xml version="1.0" encoding="UTF-8"?>
<!-- Generated by org.testng.reporters.JUnitReportReporter -->
<testsuite hostname="DESKTOP-DOPKE0E" failures="0" tests="1" name="com.amazon.test.AmazonTest" time="0.047" errors="0" timestamp="2022-09-05T14:56:25 EDT" skipped="0">
  <testcase classname="com.amazon.test.AmazonTest" name="TestCase" time="0.047"/>
  <system-out/>
</testsuite> <!-- com.amazon.test.AmazonTest -->
