<?xml version="1.0" encoding="UTF-8"?>
<!-- Generated by org.testng.reporters.JUnitReportReporter -->
<testsuite hostname="DESKTOP-DOPKE0E" failures="0" tests="1" name="com.amazon.test.AmazonTest" time="16.781" errors="0" timestamp="2022-09-05T15:01:48 EDT" skipped="0">
  <testcase classname="com.amazon.test.AmazonTest" name="TestCase" time="16.781"/>
  <system-out/>
</testsuite> <!-- com.amazon.test.AmazonTest -->
